<?xml version="1.0" encoding="UTF-8"?>
<testsuite xmlns:xsi="http://www.w3.org/2001/XMLSchema-instance" xsi:noNamespaceSchemaLocation="https://maven.apache.org/surefire/maven-surefire-plugin/xsd/surefire-test-report.xsd" name="one.digitalinnovation.personapi.mapper.PersonMapperTest" time="12.658" tests="2" errors="0" skipped="0" failures="0">
  <properties>
[...]
</properties>
  <testcase name="testGivenPersonEntityThenReturnPersonDTO" classname="one.digitalinnovation.personapi.mapper.PersonMapperTest" time="0.204"/>
  <testcase name="testGivenPersonDTOThenReturnPersonEntity" classname="one.digitalinnovation.personapi.mapper.PersonMapperTest" time="0.005"/>
</testsuite>